runtime: goroutine stack exceeds 1000000000-byte limit
fatal error: stack overflow

runtime stack:
runtime.throw(0x10d4c21, 0xe)
	/Users/oshou/.anyenv/envs/goenv/versions/1.13.1/src/runtime/panic.go:774 +0x72
runtime.newstack()
	/Users/oshou/.anyenv/envs/goenv/versions/1.13.1/src/runtime/stack.go:1046 +0x6e9
runtime.morestack()
	/Users/oshou/.anyenv/envs/goenv/versions/1.13.1/src/runtime/asm_amd64.s:449 +0x8f

goroutine 1 [running]:
main.factorial(0x3acdfd52, 0x0)
	/Users/oshou/.ghq/src/github.com/oshou/procon/AC-ABC/abc156d.go:25 +0x116 fp=0xc1fcdfc378 sp=0xc1fcdfc370 pc=0x109c786
main.factorial(0x3acdfd53, 0x0)
	/Users/oshou/.ghq/src/github.com/oshou/procon/AC-ABC/abc156d.go:33 +0x93 fp=0xc1fcdfc3a0 sp=0xc1fcdfc378 pc=0x109c703
main.factorial(0x3acdfd54, 0x0)
	/Users/oshou/.ghq/src/github.com/oshou/procon/AC-ABC/abc156d.go:33 +0x93 fp=0xc1fcdfc3c8 sp=0xc1fcdfc3a0 pc=0x109c703
main.factorial(0x3acdfd55, 0x0)
	/Users/oshou/.ghq/src/github.com/oshou/procon/AC-ABC/abc156d.go:33 +0x93 fp=0xc1fcdfc3f0 sp=0xc1fcdfc3c8 pc=0x109c703
main.factorial(0x3acdfd56, 0x0)
	/Users/oshou/.ghq/src/github.com/oshou/procon/AC-ABC/abc156d.go:33 +0x93 fp=0xc1fcdfc418 sp=0xc1fcdfc3f0 pc=0x109c703
main.factorial(0x3acdfd57, 0x0)
	/Users/oshou/.ghq/src/github.com/oshou/procon/AC-ABC/abc156d.go:33 +0x93 fp=0xc1fcdfc440 sp=0xc1fcdfc418 pc=0x109c703
main.factorial(0x3acdfd58, 0x0)
	/Users/oshou/.ghq/src/github.com/oshou/procon/AC-ABC/abc156d.go:33 +0x93 fp=0xc1fcdfc468 sp=0xc1fcdfc440 pc=0x109c703
main.factorial(0x3acdfd59, 0x0)
	/Users/oshou/.ghq/src/github.com/oshou/procon/AC-ABC/abc156d.go:33 +0x93 fp=0xc1fcdfc490 sp=0xc1fcdfc468 pc=0x109c703
main.factorial(0x3acdfd5a, 0x0)
	/Users/oshou/.ghq/src/github.com/oshou/procon/AC-ABC/abc156d.go:33 +0x93 fp=0xc1fcdfc4b8 sp=0xc1fcdfc490 pc=0x109c703
main.factorial(0x3acdfd5b, 0x0)
	/Users/oshou/.ghq/src/github.com/oshou/procon/AC-ABC/abc156d.go:33 +0x93 fp=0xc1fcdfc4e0 sp=0xc1fcdfc4b8 pc=0x109c703
main.factorial(0x3acdfd5c, 0x0)
	/Users/oshou/.ghq/src/github.com/oshou/procon/AC-ABC/abc156d.go:33 +0x93 fp=0xc1fcdfc508 sp=0xc1fcdfc4e0 pc=0x109c703
main.factorial(0x3acdfd5d, 0x0)
	/Users/oshou/.ghq/src/github.com/oshou/procon/AC-ABC/abc156d.go:33 +0x93 fp=0xc1fcdfc530 sp=0xc1fcdfc508 pc=0x109c703
main.factorial(0x3acdfd5e, 0x0)
	/Users/oshou/.ghq/src/github.com/oshou/procon/AC-ABC/abc156d.go:33 +0x93 fp=0xc1fcdfc558 sp=0xc1fcdfc530 pc=0x109c703
main.factorial(0x3acdfd5f, 0x0)
	/Users/oshou/.ghq/src/github.com/oshou/procon/AC-ABC/abc156d.go:33 +0x93 fp=0xc1fcdfc580 sp=0xc1fcdfc558 pc=0x109c703
main.factorial(0x3acdfd60, 0x0)
	/Users/oshou/.ghq/src/github.com/oshou/procon/AC-ABC/abc156d.go:33 +0x93 fp=0xc1fcdfc5a8 sp=0xc1fcdfc580 pc=0x109c703
main.factorial(0x3acdfd61, 0x0)
	/Users/oshou/.ghq/src/github.com/oshou/procon/AC-ABC/abc156d.go:33 +0x93 fp=0xc1fcdfc5d0 sp=0xc1fcdfc5a8 pc=0x109c703
main.factorial(0x3acdfd62, 0x0)
	/Users/oshou/.ghq/src/github.com/oshou/procon/AC-ABC/abc156d.go:33 +0x93 fp=0xc1fcdfc5f8 sp=0xc1fcdfc5d0 pc=0x109c703
main.factorial(0x3acdfd63, 0x0)
	/Users/oshou/.ghq/src/github.com/oshou/procon/AC-ABC/abc156d.go:33 +0x93 fp=0xc1fcdfc620 sp=0xc1fcdfc5f8 pc=0x109c703
main.factorial(0x3acdfd64, 0x0)
	/Users/oshou/.ghq/src/github.com/oshou/procon/AC-ABC/abc156d.go:33 +0x93 fp=0xc1fcdfc648 sp=0xc1fcdfc620 pc=0x109c703
main.factorial(0x3acdfd65, 0x0)
	/Users/oshou/.ghq/src/github.com/oshou/procon/AC-ABC/abc156d.go:33 +0x93 fp=0xc1fcdfc670 sp=0xc1fcdfc648 pc=0x109c703
main.factorial(0x3acdfd66, 0x0)
	/Users/oshou/.ghq/src/github.com/oshou/procon/AC-ABC/abc156d.go:33 +0x93 fp=0xc1fcdfc698 sp=0xc1fcdfc670 pc=0x109c703
main.factorial(0x3acdfd67, 0x0)
	/Users/oshou/.ghq/src/github.com/oshou/procon/AC-ABC/abc156d.go:33 +0x93 fp=0xc1fcdfc6c0 sp=0xc1fcdfc698 pc=0x109c703
main.factorial(0x3acdfd68, 0x0)
	/Users/oshou/.ghq/src/github.com/oshou/procon/AC-ABC/abc156d.go:33 +0x93 fp=0xc1fcdfc6e8 sp=0xc1fcdfc6c0 pc=0x109c703
main.factorial(0x3acdfd69, 0x0)
	/Users/oshou/.ghq/src/github.com/oshou/procon/AC-ABC/abc156d.go:33 +0x93 fp=0xc1fcdfc710 sp=0xc1fcdfc6e8 pc=0x109c703
main.factorial(0x3acdfd6a, 0x0)
	/Users/oshou/.ghq/src/github.com/oshou/procon/AC-ABC/abc156d.go:33 +0x93 fp=0xc1fcdfc738 sp=0xc1fcdfc710 pc=0x109c703
main.factorial(0x3acdfd6b, 0x0)
	/Users/oshou/.ghq/src/github.com/oshou/procon/AC-ABC/abc156d.go:33 +0x93 fp=0xc1fcdfc760 sp=0xc1fcdfc738 pc=0x109c703
main.factorial(0x3acdfd6c, 0x0)
	/Users/oshou/.ghq/src/github.com/oshou/procon/AC-ABC/abc156d.go:33 +0x93 fp=0xc1fcdfc788 sp=0xc1fcdfc760 pc=0x109c703
main.factorial(0x3acdfd6d, 0x0)
	/Users/oshou/.ghq/src/github.com/oshou/procon/AC-ABC/abc156d.go:33 +0x93 fp=0xc1fcdfc7b0 sp=0xc1fcdfc788 pc=0x109c703
main.factorial(0x3acdfd6e, 0x0)
	/Users/oshou/.ghq/src/github.com/oshou/procon/AC-ABC/abc156d.go:33 +0x93 fp=0xc1fcdfc7d8 sp=0xc1fcdfc7b0 pc=0x109c703
main.factorial(0x3acdfd6f, 0x0)
	/Users/oshou/.ghq/src/github.com/oshou/procon/AC-ABC/abc156d.go:33 +0x93 fp=0xc1fcdfc800 sp=0xc1fcdfc7d8 pc=0x109c703
main.factorial(0x3acdfd70, 0x0)
	/Users/oshou/.ghq/src/github.com/oshou/procon/AC-ABC/abc156d.go:33 +0x93 fp=0xc1fcdfc828 sp=0xc1fcdfc800 pc=0x109c703
main.factorial(0x3acdfd71, 0x0)
	/Users/oshou/.ghq/src/github.com/oshou/procon/AC-ABC/abc156d.go:33 +0x93 fp=0xc1fcdfc850 sp=0xc1fcdfc828 pc=0x109c703
main.factorial(0x3acdfd72, 0x0)
	/Users/oshou/.ghq/src/github.com/oshou/procon/AC-ABC/abc156d.go:33 +0x93 fp=0xc1fcdfc878 sp=0xc1fcdfc850 pc=0x109c703
main.factorial(0x3acdfd73, 0x0)
	/Users/oshou/.ghq/src/github.com/oshou/procon/AC-ABC/abc156d.go:33 +0x93 fp=0xc1fcdfc8a0 sp=0xc1fcdfc878 pc=0x109c703
main.factorial(0x3acdfd74, 0x0)
	/Users/oshou/.ghq/src/github.com/oshou/procon/AC-ABC/abc156d.go:33 +0x93 fp=0xc1fcdfc8c8 sp=0xc1fcdfc8a0 pc=0x109c703
main.factorial(0x3acdfd75, 0x0)
	/Users/oshou/.ghq/src/github.com/oshou/procon/AC-ABC/abc156d.go:33 +0x93 fp=0xc1fcdfc8f0 sp=0xc1fcdfc8c8 pc=0x109c703
main.factorial(0x3acdfd76, 0x0)
	/Users/oshou/.ghq/src/github.com/oshou/procon/AC-ABC/abc156d.go:33 +0x93 fp=0xc1fcdfc918 sp=0xc1fcdfc8f0 pc=0x109c703
main.factorial(0x3acdfd77, 0x0)
	/Users/oshou/.ghq/src/github.com/oshou/procon/AC-ABC/abc156d.go:33 +0x93 fp=0xc1fcdfc940 sp=0xc1fcdfc918 pc=0x109c703
main.factorial(0x3acdfd78, 0x0)
	/Users/oshou/.ghq/src/github.com/oshou/procon/AC-ABC/abc156d.go:33 +0x93 fp=0xc1fcdfc968 sp=0xc1fcdfc940 pc=0x109c703
main.factorial(0x3acdfd79, 0x0)
	/Users/oshou/.ghq/src/github.com/oshou/procon/AC-ABC/abc156d.go:33 +0x93 fp=0xc1fcdfc990 sp=0xc1fcdfc968 pc=0x109c703
main.factorial(0x3acdfd7a, 0x0)
	/Users/oshou/.ghq/src/github.com/oshou/procon/AC-ABC/abc156d.go:33 +0x93 fp=0xc1fcdfc9b8 sp=0xc1fcdfc990 pc=0x109c703
main.factorial(0x3acdfd7b, 0x0)
	/Users/oshou/.ghq/src/github.com/oshou/procon/AC-ABC/abc156d.go:33 +0x93 fp=0xc1fcdfc9e0 sp=0xc1fcdfc9b8 pc=0x109c703
main.factorial(0x3acdfd7c, 0x0)
	/Users/oshou/.ghq/src/github.com/oshou/procon/AC-ABC/abc156d.go:33 +0x93 fp=0xc1fcdfca08 sp=0xc1fcdfc9e0 pc=0x109c703
main.factorial(0x3acdfd7d, 0x0)
	/Users/oshou/.ghq/src/github.com/oshou/procon/AC-ABC/abc156d.go:33 +0x93 fp=0xc1fcdfca30 sp=0xc1fcdfca08 pc=0x109c703
main.factorial(0x3acdfd7e, 0x0)
	/Users/oshou/.ghq/src/github.com/oshou/procon/AC-ABC/abc156d.go:33 +0x93 fp=0xc1fcdfca58 sp=0xc1fcdfca30 pc=0x109c703
main.factorial(0x3acdfd7f, 0x0)
	/Users/oshou/.ghq/src/github.com/oshou/procon/AC-ABC/abc156d.go:33 +0x93 fp=0xc1fcdfca80 sp=0xc1fcdfca58 pc=0x109c703
main.factorial(0x3acdfd80, 0x0)
	/Users/oshou/.ghq/src/github.com/oshou/procon/AC-ABC/abc156d.go:33 +0x93 fp=0xc1fcdfcaa8 sp=0xc1fcdfca80 pc=0x109c703
main.factorial(0x3acdfd81, 0x0)
	/Users/oshou/.ghq/src/github.com/oshou/procon/AC-ABC/abc156d.go:33 +0x93 fp=0xc1fcdfcad0 sp=0xc1fcdfcaa8 pc=0x109c703
main.factorial(0x3acdfd82, 0x0)
	/Users/oshou/.ghq/src/github.com/oshou/procon/AC-ABC/abc156d.go:33 +0x93 fp=0xc1fcdfcaf8 sp=0xc1fcdfcad0 pc=0x109c703
main.factorial(0x3acdfd83, 0x0)
	/Users/oshou/.ghq/src/github.com/oshou/procon/AC-ABC/abc156d.go:33 +0x93 fp=0xc1fcdfcb20 sp=0xc1fcdfcaf8 pc=0x109c703
main.factorial(0x3acdfd84, 0x0)
	/Users/oshou/.ghq/src/github.com/oshou/procon/AC-ABC/abc156d.go:33 +0x93 fp=0xc1fcdfcb48 sp=0xc1fcdfcb20 pc=0x109c703
main.factorial(0x3acdfd85, 0x0)
	/Users/oshou/.ghq/src/github.com/oshou/procon/AC-ABC/abc156d.go:33 +0x93 fp=0xc1fcdfcb70 sp=0xc1fcdfcb48 pc=0x109c703
main.factorial(0x3acdfd86, 0x0)
	/Users/oshou/.ghq/src/github.com/oshou/procon/AC-ABC/abc156d.go:33 +0x93 fp=0xc1fcdfcb98 sp=0xc1fcdfcb70 pc=0x109c703
main.factorial(0x3acdfd87, 0x0)
	/Users/oshou/.ghq/src/github.com/oshou/procon/AC-ABC/abc156d.go:33 +0x93 fp=0xc1fcdfcbc0 sp=0xc1fcdfcb98 pc=0x109c703
main.factorial(0x3acdfd88, 0x0)
	/Users/oshou/.ghq/src/github.com/oshou/procon/AC-ABC/abc156d.go:33 +0x93 fp=0xc1fcdfcbe8 sp=0xc1fcdfcbc0 pc=0x109c703
main.factorial(0x3acdfd89, 0x0)
	/Users/oshou/.ghq/src/github.com/oshou/procon/AC-ABC/abc156d.go:33 +0x93 fp=0xc1fcdfcc10 sp=0xc1fcdfcbe8 pc=0x109c703
main.factorial(0x3acdfd8a, 0x0)
	/Users/oshou/.ghq/src/github.com/oshou/procon/AC-ABC/abc156d.go:33 +0x93 fp=0xc1fcdfcc38 sp=0xc1fcdfcc10 pc=0x109c703
main.factorial(0x3acdfd8b, 0x0)
	/Users/oshou/.ghq/src/github.com/oshou/procon/AC-ABC/abc156d.go:33 +0x93 fp=0xc1fcdfcc60 sp=0xc1fcdfcc38 pc=0x109c703
main.factorial(0x3acdfd8c, 0x0)
	/Users/oshou/.ghq/src/github.com/oshou/procon/AC-ABC/abc156d.go:33 +0x93 fp=0xc1fcdfcc88 sp=0xc1fcdfcc60 pc=0x109c703
main.factorial(0x3acdfd8d, 0x0)
	/Users/oshou/.ghq/src/github.com/oshou/procon/AC-ABC/abc156d.go:33 +0x93 fp=0xc1fcdfccb0 sp=0xc1fcdfcc88 pc=0x109c703
main.factorial(0x3acdfd8e, 0x0)
	/Users/oshou/.ghq/src/github.com/oshou/procon/AC-ABC/abc156d.go:33 +0x93 fp=0xc1fcdfccd8 sp=0xc1fcdfccb0 pc=0x109c703
main.factorial(0x3acdfd8f, 0x0)
	/Users/oshou/.ghq/src/github.com/oshou/procon/AC-ABC/abc156d.go:33 +0x93 fp=0xc1fcdfcd00 sp=0xc1fcdfccd8 pc=0x109c703
main.factorial(0x3acdfd90, 0x0)
	/Users/oshou/.ghq/src/github.com/oshou/procon/AC-ABC/abc156d.go:33 +0x93 fp=0xc1fcdfcd28 sp=0xc1fcdfcd00 pc=0x109c703
main.factorial(0x3acdfd91, 0x0)
	/Users/oshou/.ghq/src/github.com/oshou/procon/AC-ABC/abc156d.go:33 +0x93 fp=0xc1fcdfcd50 sp=0xc1fcdfcd28 pc=0x109c703
main.factorial(0x3acdfd92, 0x0)
	/Users/oshou/.ghq/src/github.com/oshou/procon/AC-ABC/abc156d.go:33 +0x93 fp=0xc1fcdfcd78 sp=0xc1fcdfcd50 pc=0x109c703
main.factorial(0x3acdfd93, 0x0)
	/Users/oshou/.ghq/src/github.com/oshou/procon/AC-ABC/abc156d.go:33 +0x93 fp=0xc1fcdfcda0 sp=0xc1fcdfcd78 pc=0x109c703
main.factorial(0x3acdfd94, 0x0)
	/Users/oshou/.ghq/src/github.com/oshou/procon/AC-ABC/abc156d.go:33 +0x93 fp=0xc1fcdfcdc8 sp=0xc1fcdfcda0 pc=0x109c703
main.factorial(0x3acdfd95, 0x0)
	/Users/oshou/.ghq/src/github.com/oshou/procon/AC-ABC/abc156d.go:33 +0x93 fp=0xc1fcdfcdf0 sp=0xc1fcdfcdc8 pc=0x109c703
main.factorial(0x3acdfd96, 0x0)
	/Users/oshou/.ghq/src/github.com/oshou/procon/AC-ABC/abc156d.go:33 +0x93 fp=0xc1fcdfce18 sp=0xc1fcdfcdf0 pc=0x109c703
main.factorial(0x3acdfd97, 0x0)
	/Users/oshou/.ghq/src/github.com/oshou/procon/AC-ABC/abc156d.go:33 +0x93 fp=0xc1fcdfce40 sp=0xc1fcdfce18 pc=0x109c703
main.factorial(0x3acdfd98, 0x0)
	/Users/oshou/.ghq/src/github.com/oshou/procon/AC-ABC/abc156d.go:33 +0x93 fp=0xc1fcdfce68 sp=0xc1fcdfce40 pc=0x109c703
main.factorial(0x3acdfd99, 0x0)
	/Users/oshou/.ghq/src/github.com/oshou/procon/AC-ABC/abc156d.go:33 +0x93 fp=0xc1fcdfce90 sp=0xc1fcdfce68 pc=0x109c703
main.factorial(0x3acdfd9a, 0x0)
	/Users/oshou/.ghq/src/github.com/oshou/procon/AC-ABC/abc156d.go:33 +0x93 fp=0xc1fcdfceb8 sp=0xc1fcdfce90 pc=0x109c703
main.factorial(0x3acdfd9b, 0x0)
	/Users/oshou/.ghq/src/github.com/oshou/procon/AC-ABC/abc156d.go:33 +0x93 fp=0xc1fcdfcee0 sp=0xc1fcdfceb8 pc=0x109c703
main.factorial(0x3acdfd9c, 0x0)
	/Users/oshou/.ghq/src/github.com/oshou/procon/AC-ABC/abc156d.go:33 +0x93 fp=0xc1fcdfcf08 sp=0xc1fcdfcee0 pc=0x109c703
main.factorial(0x3acdfd9d, 0x0)
	/Users/oshou/.ghq/src/github.com/oshou/procon/AC-ABC/abc156d.go:33 +0x93 fp=0xc1fcdfcf30 sp=0xc1fcdfcf08 pc=0x109c703
main.factorial(0x3acdfd9e, 0x0)
	/Users/oshou/.ghq/src/github.com/oshou/procon/AC-ABC/abc156d.go:33 +0x93 fp=0xc1fcdfcf58 sp=0xc1fcdfcf30 pc=0x109c703
main.factorial(0x3acdfd9f, 0x0)
	/Users/oshou/.ghq/src/github.com/oshou/procon/AC-ABC/abc156d.go:33 +0x93 fp=0xc1fcdfcf80 sp=0xc1fcdfcf58 pc=0x109c703
main.factorial(0x3acdfda0, 0x0)
	/Users/oshou/.ghq/src/github.com/oshou/procon/AC-ABC/abc156d.go:33 +0x93 fp=0xc1fcdfcfa8 sp=0xc1fcdfcf80 pc=0x109c703
main.factorial(0x3acdfda1, 0x0)
	/Users/oshou/.ghq/src/github.com/oshou/procon/AC-ABC/abc156d.go:33 +0x93 fp=0xc1fcdfcfd0 sp=0xc1fcdfcfa8 pc=0x109c703
main.factorial(0x3acdfda2, 0x0)
	/Users/oshou/.ghq/src/github.com/oshou/procon/AC-ABC/abc156d.go:33 +0x93 fp=0xc1fcdfcff8 sp=0xc1fcdfcfd0 pc=0x109c703
main.factorial(0x3acdfda3, 0x0)
	/Users/oshou/.ghq/src/github.com/oshou/procon/AC-ABC/abc156d.go:33 +0x93 fp=0xc1fcdfd020 sp=0xc1fcdfcff8 pc=0x109c703
main.factorial(0x3acdfda4, 0x0)
	/Users/oshou/.ghq/src/github.com/oshou/procon/AC-ABC/abc156d.go:33 +0x93 fp=0xc1fcdfd048 sp=0xc1fcdfd020 pc=0x109c703
main.factorial(0x3acdfda5, 0x0)
	/Users/oshou/.ghq/src/github.com/oshou/procon/AC-ABC/abc156d.go:33 +0x93 fp=0xc1fcdfd070 sp=0xc1fcdfd048 pc=0x109c703
main.factorial(0x3acdfda6, 0x0)
	/Users/oshou/.ghq/src/github.com/oshou/procon/AC-ABC/abc156d.go:33 +0x93 fp=0xc1fcdfd098 sp=0xc1fcdfd070 pc=0x109c703
main.factorial(0x3acdfda7, 0x0)
	/Users/oshou/.ghq/src/github.com/oshou/procon/AC-ABC/abc156d.go:33 +0x93 fp=0xc1fcdfd0c0 sp=0xc1fcdfd098 pc=0x109c703
main.factorial(0x3acdfda8, 0x0)
	/Users/oshou/.ghq/src/github.com/oshou/procon/AC-ABC/abc156d.go:33 +0x93 fp=0xc1fcdfd0e8 sp=0xc1fcdfd0c0 pc=0x109c703
main.factorial(0x3acdfda9, 0x0)
	/Users/oshou/.ghq/src/github.com/oshou/procon/AC-ABC/abc156d.go:33 +0x93 fp=0xc1fcdfd110 sp=0xc1fcdfd0e8 pc=0x109c703
main.factorial(0x3acdfdaa, 0x0)
	/Users/oshou/.ghq/src/github.com/oshou/procon/AC-ABC/abc156d.go:33 +0x93 fp=0xc1fcdfd138 sp=0xc1fcdfd110 pc=0x109c703
main.factorial(0x3acdfdab, 0x0)
	/Users/oshou/.ghq/src/github.com/oshou/procon/AC-ABC/abc156d.go:33 +0x93 fp=0xc1fcdfd160 sp=0xc1fcdfd138 pc=0x109c703
main.factorial(0x3acdfdac, 0x0)
	/Users/oshou/.ghq/src/github.com/oshou/procon/AC-ABC/abc156d.go:33 +0x93 fp=0xc1fcdfd188 sp=0xc1fcdfd160 pc=0x109c703
main.factorial(0x3acdfdad, 0x0)
	/Users/oshou/.ghq/src/github.com/oshou/procon/AC-ABC/abc156d.go:33 +0x93 fp=0xc1fcdfd1b0 sp=0xc1fcdfd188 pc=0x109c703
main.factorial(0x3acdfdae, 0x0)
	/Users/oshou/.ghq/src/github.com/oshou/procon/AC-ABC/abc156d.go:33 +0x93 fp=0xc1fcdfd1d8 sp=0xc1fcdfd1b0 pc=0x109c703
main.factorial(0x3acdfdaf, 0x0)
	/Users/oshou/.ghq/src/github.com/oshou/procon/AC-ABC/abc156d.go:33 +0x93 fp=0xc1fcdfd200 sp=0xc1fcdfd1d8 pc=0x109c703
main.factorial(0x3acdfdb0, 0x0)
	/Users/oshou/.ghq/src/github.com/oshou/procon/AC-ABC/abc156d.go:33 +0x93 fp=0xc1fcdfd228 sp=0xc1fcdfd200 pc=0x109c703
main.factorial(0x3acdfdb1, 0x0)
	/Users/oshou/.ghq/src/github.com/oshou/procon/AC-ABC/abc156d.go:33 +0x93 fp=0xc1fcdfd250 sp=0xc1fcdfd228 pc=0x109c703
main.factorial(0x3acdfdb2, 0x0)
	/Users/oshou/.ghq/src/github.com/oshou/procon/AC-ABC/abc156d.go:33 +0x93 fp=0xc1fcdfd278 sp=0xc1fcdfd250 pc=0x109c703
main.factorial(0x3acdfdb3, 0x0)
	/Users/oshou/.ghq/src/github.com/oshou/procon/AC-ABC/abc156d.go:33 +0x93 fp=0xc1fcdfd2a0 sp=0xc1fcdfd278 pc=0x109c703
main.factorial(0x3acdfdb4, 0x0)
	/Users/oshou/.ghq/src/github.com/oshou/procon/AC-ABC/abc156d.go:33 +0x93 fp=0xc1fcdfd2c8 sp=0xc1fcdfd2a0 pc=0x109c703
main.factorial(0x3acdfdb5, 0x0)
	/Users/oshou/.ghq/src/github.com/oshou/procon/AC-ABC/abc156d.go:33 +0x93 fp=0xc1fcdfd2f0 sp=0xc1fcdfd2c8 pc=0x109c703
...additional frames elided...
exit status 2
